=================================================================
==816==ERROR: AddressSanitizer: heap-buffer-overflow on address 0x60600001feb2 at pc 0x55bddde788e5 bp 0x7ffe316ef8e0 sp 0x7ffe316ef8d8
WRITE of size 1 at 0x60600001feb2 thread T0
    #0 0x55bddde788e4 in tests_lentos /mnt/c/users/victo/documentos/pss/pss/t2/test-elim.c:173
    #1 0x55bddde78c31 in main /mnt/c/users/victo/documentos/pss/pss/t2/test-elim.c:212
    #2 0x7f67826a6d09 in __libc_start_main ../csu/libc-start.c:308
    #3 0x55bddde762c9 in _start (/mnt/c/users/victo/documentos/pss/pss/t2/elim.bin-san+0x62c9)

0x60600001feb2 is located 0 bytes to the right of 50-byte region [0x60600001fe80,0x60600001feb2)
allocated by thread T0 here:
    #0 0x7f6783258e8f in __interceptor_malloc ../../../../src/libsanitizer/asan/asan_malloc_linux.cpp:145
    #1 0x55bddde7687f in eliminacion_espacios /mnt/c/users/victo/documentos/pss/pss/t2/elim.c:41
    #2 0x55bddde785dc in tests_lentos /mnt/c/users/victo/documentos/pss/pss/t2/test-elim.c:151
    #3 0x55bddde78c31 in main /mnt/c/users/victo/documentos/pss/pss/t2/test-elim.c:212
    #4 0x7f67826a6d09 in __libc_start_main ../csu/libc-start.c:308

SUMMARY: AddressSanitizer: heap-buffer-overflow /mnt/c/users/victo/documentos/pss/pss/t2/test-elim.c:173 in tests_lentos
Shadow bytes around the buggy address:
  0x0c0c7fffbf80: 00 00 02 fa fa fa fa fa 00 00 00 00 00 00 02 fa
  0x0c0c7fffbf90: fa fa fa fa 00 00 00 00 00 00 02 fa fa fa fa fa
  0x0c0c7fffbfa0: 00 00 00 00 00 00 02 fa fa fa fa fa 00 00 00 00
  0x0c0c7fffbfb0: 00 00 02 fa fa fa fa fa 00 00 00 00 00 00 02 fa
  0x0c0c7fffbfc0: fa fa fa fa 00 00 00 00 00 00 02 fa fa fa fa fa
=>0x0c0c7fffbfd0: 00 00 00 00 00 00[02]fa fa fa fa fa fa fa fa fa
  0x0c0c7fffbfe0: fa fa fa fa fa fa fa fa fa fa fa fa fa fa fa fa
  0x0c0c7fffbff0: fa fa fa fa fa fa fa fa fa fa fa fa fa fa fa fa
  0x0c0c7fffc000: 00 00 00 00 00 00 02 fa fa fa fa fa 00 00 00 00
  0x0c0c7fffc010: 00 00 02 fa fa fa fa fa 00 00 00 00 00 00 02 fa
  0x0c0c7fffc020: fa fa fa fa 00 00 00 00 00 00 02 fa fa fa fa fa
Shadow byte legend (one shadow byte represents 8 application bytes):
  Addressable:           00
  Partially addressable: 01 02 03 04 05 06 07 
  Heap left redzone:       fa
  Freed heap region:       fd
  Stack left redzone:      f1
  Stack mid redzone:       f2
  Stack right redzone:     f3
  Stack after return:      f5
  Stack use after scope:   f8
  Global redzone:          f9
  Global init order:       f6
  Poisoned by user:        f7
  Container overflow:      fc
  Array cookie:            ac
  Intra object redzone:    bb
  ASan internal:           fe
  Left alloca redzone:     ca
  Right alloca redzone:    cb
  Shadow gap:              cc
==816==ABORTING
